2023-01-09 20:23:05,848 INFO org.springframework.boot.StartupInfoLogger [main] Starting JpaCalendarPractice02Application using Java 11.0.16 on noteBook-Jay with PID 9864 (C:\WorkSpace\boot\jpa-calendarPractice02\build\classes\java\main started by Jay in C:\WorkSpace\boot\jpa-calendarPractice02)
2023-01-09 20:23:05,850 INFO org.springframework.boot.SpringApplication [main] No active profile set, falling back to 1 default profile: "default"
2023-01-09 20:23:08,093 INFO org.springframework.boot.StartupInfoLogger [main] Started JpaCalendarPractice02Application in 2.526 seconds (JVM running for 3.089)
2023-01-09 20:23:15,899 INFO com.example.jpacalendarpractice02.aop.LogAdvice [http-nio-8080-exec-3] [[START]]com.example.jpacalendarpractice02.controller.UserController.selectUser() <=================
2023-01-09 20:23:15,901 INFO com.example.jpacalendarpractice02.aop.LogAdvice [http-nio-8080-exec-3] Argument/Parameter : [UserRequest(email=1, password=1), org.apache.catalina.session.StandardSessionFacade@11bde13e]
2023-01-09 20:23:15,902 INFO com.example.jpacalendarpractice02.aop.LogAdvice [http-nio-8080-exec-3] ================[[END : selectUser()]]==================
2023-01-09 20:23:15,969 DEBUG org.hibernate.engine.jdbc.spi.SqlStatementLogger [http-nio-8080-exec-3] 
    select
        user0_.email as email1_1_,
        user0_.password as password2_1_ 
    from
        schedule_user user0_ 
    where
        user0_.email=? 
        and user0_.password=?
2023-01-09 20:23:15,975 TRACE org.hibernate.type.descriptor.sql.BasicBinder [http-nio-8080-exec-3] binding parameter [1] as [VARCHAR] - [1]
2023-01-09 20:23:15,976 TRACE org.hibernate.type.descriptor.sql.BasicBinder [http-nio-8080-exec-3] binding parameter [2] as [VARCHAR] - [1]
2023-01-09 20:23:17,805 INFO com.example.jpacalendarpractice02.aop.LogAdvice [http-nio-8080-exec-6] [[START]]com.example.jpacalendarpractice02.controller.ScheduleController.scheduleList() <=================
2023-01-09 20:23:17,805 INFO com.example.jpacalendarpractice02.aop.LogAdvice [http-nio-8080-exec-6] Argument/Parameter : [org.apache.catalina.session.StandardSessionFacade@11bde13e]
2023-01-09 20:23:17,805 INFO com.example.jpacalendarpractice02.aop.LogAdvice [http-nio-8080-exec-6] ================[[END : scheduleList()]]==================
2023-01-09 20:23:17,813 DEBUG org.hibernate.engine.jdbc.spi.SqlStatementLogger [http-nio-8080-exec-6] 
    select
        schedule0_.id as id1_0_,
        schedule0_.date as date2_0_,
        schedule0_.title as title3_0_,
        schedule0_.email as email4_0_ 
    from
        schedule schedule0_ 
    where
        schedule0_.email=?
2023-01-09 20:23:17,815 TRACE org.hibernate.type.descriptor.sql.BasicBinder [http-nio-8080-exec-6] binding parameter [1] as [VARCHAR] - [1]
2023-01-09 20:23:19,840 INFO com.example.jpacalendarpractice02.aop.LogAdvice [http-nio-8080-exec-7] [[START]]com.example.jpacalendarpractice02.controller.ScheduleController.insertSchedule() <=================
2023-01-09 20:23:19,841 INFO com.example.jpacalendarpractice02.aop.LogAdvice [http-nio-8080-exec-7] Argument/Parameter : [ScheduleRequest(email=null, id=null, title=1231516512, date=2023-01-10), org.apache.catalina.session.StandardSessionFacade@11bde13e]
2023-01-09 20:23:19,842 INFO com.example.jpacalendarpractice02.aop.LogAdvice [http-nio-8080-exec-7] ================[[END : insertSchedule()]]==================
2023-01-09 20:23:19,861 DEBUG org.hibernate.engine.jdbc.spi.SqlStatementLogger [http-nio-8080-exec-7] 
    select
        user_.email,
        user_.password as password2_1_ 
    from
        schedule_user user_ 
    where
        user_.email=?
2023-01-09 20:23:19,862 TRACE org.hibernate.type.descriptor.sql.BasicBinder [http-nio-8080-exec-7] binding parameter [1] as [VARCHAR] - [1]
2023-01-09 20:23:19,864 DEBUG org.hibernate.engine.jdbc.spi.SqlStatementLogger [http-nio-8080-exec-7] 
    insert 
    into
        schedule
        (date, title, email) 
    values
        (?, ?, ?)
2023-01-09 20:23:19,865 TRACE org.hibernate.type.descriptor.sql.BasicBinder [http-nio-8080-exec-7] binding parameter [1] as [VARCHAR] - [2023-01-10]
2023-01-09 20:23:19,865 TRACE org.hibernate.type.descriptor.sql.BasicBinder [http-nio-8080-exec-7] binding parameter [2] as [VARCHAR] - [1231516512]
2023-01-09 20:23:19,865 TRACE org.hibernate.type.descriptor.sql.BasicBinder [http-nio-8080-exec-7] binding parameter [3] as [VARCHAR] - [1]
2023-01-09 20:23:19,881 INFO com.example.jpacalendarpractice02.aop.LogAdvice [http-nio-8080-exec-8] [[START]]com.example.jpacalendarpractice02.controller.ScheduleController.scheduleList() <=================
2023-01-09 20:23:19,881 INFO com.example.jpacalendarpractice02.aop.LogAdvice [http-nio-8080-exec-8] Argument/Parameter : [org.apache.catalina.session.StandardSessionFacade@11bde13e]
2023-01-09 20:23:19,881 INFO com.example.jpacalendarpractice02.aop.LogAdvice [http-nio-8080-exec-8] ================[[END : scheduleList()]]==================
2023-01-09 20:23:19,882 DEBUG org.hibernate.engine.jdbc.spi.SqlStatementLogger [http-nio-8080-exec-8] 
    select
        schedule0_.id as id1_0_,
        schedule0_.date as date2_0_,
        schedule0_.title as title3_0_,
        schedule0_.email as email4_0_ 
    from
        schedule schedule0_ 
    where
        schedule0_.email=?
2023-01-09 20:23:19,883 TRACE org.hibernate.type.descriptor.sql.BasicBinder [http-nio-8080-exec-8] binding parameter [1] as [VARCHAR] - [1]
2023-01-09 20:23:21,563 INFO com.example.jpacalendarpractice02.aop.LogAdvice [http-nio-8080-exec-10] [[START]]com.example.jpacalendarpractice02.controller.ScheduleController.deleteSchedule() <=================
2023-01-09 20:23:21,564 INFO com.example.jpacalendarpractice02.aop.LogAdvice [http-nio-8080-exec-10] Argument/Parameter : [8]
2023-01-09 20:23:21,564 INFO com.example.jpacalendarpractice02.aop.LogAdvice [http-nio-8080-exec-10] ================[[END : deleteSchedule()]]==================
2023-01-09 20:23:21,570 DEBUG org.hibernate.engine.jdbc.spi.SqlStatementLogger [http-nio-8080-exec-10] 
    select
        schedule0_.id as id1_0_0_,
        schedule0_.date as date2_0_0_,
        schedule0_.title as title3_0_0_,
        schedule0_.email as email4_0_0_ 
    from
        schedule schedule0_ 
    where
        schedule0_.id=?
2023-01-09 20:23:21,571 TRACE org.hibernate.type.descriptor.sql.BasicBinder [http-nio-8080-exec-10] binding parameter [1] as [BIGINT] - [8]
2023-01-09 20:23:21,583 DEBUG org.hibernate.engine.jdbc.spi.SqlStatementLogger [http-nio-8080-exec-10] 
    delete 
    from
        schedule 
    where
        id=?
2023-01-09 20:23:21,583 TRACE org.hibernate.type.descriptor.sql.BasicBinder [http-nio-8080-exec-10] binding parameter [1] as [BIGINT] - [8]
2023-01-09 20:23:21,594 INFO com.example.jpacalendarpractice02.aop.LogAdvice [http-nio-8080-exec-9] [[START]]com.example.jpacalendarpractice02.controller.ScheduleController.scheduleList() <=================
2023-01-09 20:23:21,595 INFO com.example.jpacalendarpractice02.aop.LogAdvice [http-nio-8080-exec-9] Argument/Parameter : [org.apache.catalina.session.StandardSessionFacade@11bde13e]
2023-01-09 20:23:21,595 INFO com.example.jpacalendarpractice02.aop.LogAdvice [http-nio-8080-exec-9] ================[[END : scheduleList()]]==================
2023-01-09 20:23:21,595 DEBUG org.hibernate.engine.jdbc.spi.SqlStatementLogger [http-nio-8080-exec-9] 
    select
        schedule0_.id as id1_0_,
        schedule0_.date as date2_0_,
        schedule0_.title as title3_0_,
        schedule0_.email as email4_0_ 
    from
        schedule schedule0_ 
    where
        schedule0_.email=?
2023-01-09 20:23:21,596 TRACE org.hibernate.type.descriptor.sql.BasicBinder [http-nio-8080-exec-9] binding parameter [1] as [VARCHAR] - [1]
