2023-01-09 21:07:00,042 INFO com.example.jpacalendarpractice02.aop.LogAdvice [http-nio-8080-exec-9] ===========================[[START]]===========================
2023-01-09 21:07:00,047 INFO com.example.jpacalendarpractice02.aop.LogAdvice [http-nio-8080-exec-9] com.example.jpacalendarpractice02.controller.UserController.selectUser() CALLED
2023-01-09 21:07:00,048 INFO com.example.jpacalendarpractice02.aop.LogAdvice [http-nio-8080-exec-9] PARAMETERS : [UserRequest(email=1, password=1), org.apache.catalina.session.StandardSessionFacade@2a6d99d0]
2023-01-09 21:07:00,049 INFO com.example.jpacalendarpractice02.aop.LogAdvice [http-nio-8080-exec-9] ===========================[[END]]===========================
2023-01-09 21:07:00,055 INFO com.example.jpacalendarpractice02.aop.LogAdvice [http-nio-8080-exec-9] ===========================[[START]]===========================
2023-01-09 21:07:00,056 INFO com.example.jpacalendarpractice02.aop.LogAdvice [http-nio-8080-exec-9] com.example.jpacalendarpractice02.service.impl.UserServiceImpl.selectUser() CALLED
2023-01-09 21:07:00,056 INFO com.example.jpacalendarpractice02.aop.LogAdvice [http-nio-8080-exec-9] PARAMETERS : [UserRequest(email=1, password=1)]
2023-01-09 21:07:00,056 INFO com.example.jpacalendarpractice02.aop.LogAdvice [http-nio-8080-exec-9] ===========================[[END]]===========================
2023-01-09 21:07:00,058 INFO com.example.jpacalendarpractice02.aop.LogAdvice [http-nio-8080-exec-9] ===========================[[START]]===========================
2023-01-09 21:07:00,059 INFO com.example.jpacalendarpractice02.aop.LogAdvice [http-nio-8080-exec-9] com.example.jpacalendarpractice02.repository.UserRepository.findByEmailAndPassword() CALLED
2023-01-09 21:07:00,059 INFO com.example.jpacalendarpractice02.aop.LogAdvice [http-nio-8080-exec-9] PARAMETERS : [1, 1]
2023-01-09 21:07:00,059 INFO com.example.jpacalendarpractice02.aop.LogAdvice [http-nio-8080-exec-9] ===========================[[END]]===========================
2023-01-09 21:07:00,128 DEBUG org.hibernate.engine.jdbc.spi.SqlStatementLogger [http-nio-8080-exec-9] 
    select
        user0_.email as email1_1_,
        user0_.password as password2_1_ 
    from
        schedule_user user0_ 
    where
        user0_.email=? 
        and user0_.password=?
2023-01-09 21:07:00,136 TRACE org.hibernate.type.descriptor.sql.BasicBinder [http-nio-8080-exec-9] binding parameter [1] as [VARCHAR] - [1]
2023-01-09 21:07:00,137 TRACE org.hibernate.type.descriptor.sql.BasicBinder [http-nio-8080-exec-9] binding parameter [2] as [VARCHAR] - [1]
2023-01-09 21:07:04,036 INFO com.example.jpacalendarpractice02.aop.LogAdvice [http-nio-8080-exec-7] ===========================[[START]]===========================
2023-01-09 21:07:04,037 INFO com.example.jpacalendarpractice02.aop.LogAdvice [http-nio-8080-exec-7] com.example.jpacalendarpractice02.controller.ScheduleController.scheduleList() CALLED
2023-01-09 21:07:04,037 INFO com.example.jpacalendarpractice02.aop.LogAdvice [http-nio-8080-exec-7] PARAMETERS : [org.apache.catalina.session.StandardSessionFacade@2a6d99d0]
2023-01-09 21:07:04,037 INFO com.example.jpacalendarpractice02.aop.LogAdvice [http-nio-8080-exec-7] ===========================[[END]]===========================
2023-01-09 21:07:04,039 INFO com.example.jpacalendarpractice02.aop.LogAdvice [http-nio-8080-exec-7] ===========================[[START]]===========================
2023-01-09 21:07:04,040 INFO com.example.jpacalendarpractice02.aop.LogAdvice [http-nio-8080-exec-7] com.example.jpacalendarpractice02.service.impl.ScheduleServiceImpl.scheduleList() CALLED
2023-01-09 21:07:04,040 INFO com.example.jpacalendarpractice02.aop.LogAdvice [http-nio-8080-exec-7] PARAMETERS : [1]
2023-01-09 21:07:04,040 INFO com.example.jpacalendarpractice02.aop.LogAdvice [http-nio-8080-exec-7] ===========================[[END]]===========================
2023-01-09 21:07:04,043 INFO com.example.jpacalendarpractice02.aop.LogAdvice [http-nio-8080-exec-7] ===========================[[START]]===========================
2023-01-09 21:07:04,043 INFO com.example.jpacalendarpractice02.aop.LogAdvice [http-nio-8080-exec-7] com.example.jpacalendarpractice02.repository.ScheduleRepository.findByUser() CALLED
2023-01-09 21:07:04,043 INFO com.example.jpacalendarpractice02.aop.LogAdvice [http-nio-8080-exec-7] PARAMETERS : [com.example.jpacalendarpractice02.entity.User@32264f12]
2023-01-09 21:07:04,043 INFO com.example.jpacalendarpractice02.aop.LogAdvice [http-nio-8080-exec-7] ===========================[[END]]===========================
2023-01-09 21:07:04,046 DEBUG org.hibernate.engine.jdbc.spi.SqlStatementLogger [http-nio-8080-exec-7] 
    select
        schedule0_.id as id1_0_,
        schedule0_.date as date2_0_,
        schedule0_.title as title3_0_,
        schedule0_.email as email4_0_ 
    from
        schedule schedule0_ 
    where
        schedule0_.email=?
2023-01-09 21:07:04,048 TRACE org.hibernate.type.descriptor.sql.BasicBinder [http-nio-8080-exec-7] binding parameter [1] as [VARCHAR] - [1]
2023-01-09 21:07:07,899 INFO com.example.jpacalendarpractice02.aop.LogAdvice [http-nio-8080-exec-8] ===========================[[START]]===========================
2023-01-09 21:07:07,900 INFO com.example.jpacalendarpractice02.aop.LogAdvice [http-nio-8080-exec-8] com.example.jpacalendarpractice02.controller.ScheduleController.insertSchedule() CALLED
2023-01-09 21:07:07,900 INFO com.example.jpacalendarpractice02.aop.LogAdvice [http-nio-8080-exec-8] PARAMETERS : [ScheduleRequest(email=null, id=null, title=한글, date=2023-01-26), org.apache.catalina.session.StandardSessionFacade@2a6d99d0]
2023-01-09 21:07:07,900 INFO com.example.jpacalendarpractice02.aop.LogAdvice [http-nio-8080-exec-8] ===========================[[END]]===========================
2023-01-09 21:07:07,900 INFO com.example.jpacalendarpractice02.aop.LogAdvice [http-nio-8080-exec-8] ===========================[[START]]===========================
2023-01-09 21:07:07,900 INFO com.example.jpacalendarpractice02.aop.LogAdvice [http-nio-8080-exec-8] com.example.jpacalendarpractice02.service.impl.ScheduleServiceImpl.insertSchedule() CALLED
2023-01-09 21:07:07,900 INFO com.example.jpacalendarpractice02.aop.LogAdvice [http-nio-8080-exec-8] PARAMETERS : [ScheduleRequest(email=1, id=null, title=한글, date=2023-01-26)]
2023-01-09 21:07:07,900 INFO com.example.jpacalendarpractice02.aop.LogAdvice [http-nio-8080-exec-8] ===========================[[END]]===========================
2023-01-09 21:07:07,901 INFO com.example.jpacalendarpractice02.aop.LogAdvice [http-nio-8080-exec-8] ===========================[[START]]===========================
2023-01-09 21:07:07,902 INFO com.example.jpacalendarpractice02.aop.LogAdvice [http-nio-8080-exec-8] org.springframework.data.repository.CrudRepository.save() CALLED
2023-01-09 21:07:07,902 INFO com.example.jpacalendarpractice02.aop.LogAdvice [http-nio-8080-exec-8] PARAMETERS : [com.example.jpacalendarpractice02.entity.Schedule@624795ca]
2023-01-09 21:07:07,902 INFO com.example.jpacalendarpractice02.aop.LogAdvice [http-nio-8080-exec-8] ===========================[[END]]===========================
2023-01-09 21:07:07,921 DEBUG org.hibernate.engine.jdbc.spi.SqlStatementLogger [http-nio-8080-exec-8] 
    select
        user_.email,
        user_.password as password2_1_ 
    from
        schedule_user user_ 
    where
        user_.email=?
2023-01-09 21:07:07,922 TRACE org.hibernate.type.descriptor.sql.BasicBinder [http-nio-8080-exec-8] binding parameter [1] as [VARCHAR] - [1]
2023-01-09 21:07:07,924 DEBUG org.hibernate.engine.jdbc.spi.SqlStatementLogger [http-nio-8080-exec-8] 
    insert 
    into
        schedule
        (date, title, email) 
    values
        (?, ?, ?)
2023-01-09 21:07:07,924 TRACE org.hibernate.type.descriptor.sql.BasicBinder [http-nio-8080-exec-8] binding parameter [1] as [VARCHAR] - [2023-01-26]
2023-01-09 21:07:07,924 TRACE org.hibernate.type.descriptor.sql.BasicBinder [http-nio-8080-exec-8] binding parameter [2] as [VARCHAR] - [한글]
2023-01-09 21:07:07,925 TRACE org.hibernate.type.descriptor.sql.BasicBinder [http-nio-8080-exec-8] binding parameter [3] as [VARCHAR] - [1]
2023-01-09 21:07:07,941 INFO com.example.jpacalendarpractice02.aop.LogAdvice [http-nio-8080-exec-4] ===========================[[START]]===========================
2023-01-09 21:07:07,941 INFO com.example.jpacalendarpractice02.aop.LogAdvice [http-nio-8080-exec-4] com.example.jpacalendarpractice02.controller.ScheduleController.scheduleList() CALLED
2023-01-09 21:07:07,941 INFO com.example.jpacalendarpractice02.aop.LogAdvice [http-nio-8080-exec-4] PARAMETERS : [org.apache.catalina.session.StandardSessionFacade@2a6d99d0]
2023-01-09 21:07:07,941 INFO com.example.jpacalendarpractice02.aop.LogAdvice [http-nio-8080-exec-4] ===========================[[END]]===========================
2023-01-09 21:07:07,941 INFO com.example.jpacalendarpractice02.aop.LogAdvice [http-nio-8080-exec-4] ===========================[[START]]===========================
2023-01-09 21:07:07,941 INFO com.example.jpacalendarpractice02.aop.LogAdvice [http-nio-8080-exec-4] com.example.jpacalendarpractice02.service.impl.ScheduleServiceImpl.scheduleList() CALLED
2023-01-09 21:07:07,942 INFO com.example.jpacalendarpractice02.aop.LogAdvice [http-nio-8080-exec-4] PARAMETERS : [1]
2023-01-09 21:07:07,942 INFO com.example.jpacalendarpractice02.aop.LogAdvice [http-nio-8080-exec-4] ===========================[[END]]===========================
2023-01-09 21:07:07,942 INFO com.example.jpacalendarpractice02.aop.LogAdvice [http-nio-8080-exec-4] ===========================[[START]]===========================
2023-01-09 21:07:07,942 INFO com.example.jpacalendarpractice02.aop.LogAdvice [http-nio-8080-exec-4] com.example.jpacalendarpractice02.repository.ScheduleRepository.findByUser() CALLED
2023-01-09 21:07:07,942 INFO com.example.jpacalendarpractice02.aop.LogAdvice [http-nio-8080-exec-4] PARAMETERS : [com.example.jpacalendarpractice02.entity.User@39ef4559]
2023-01-09 21:07:07,942 INFO com.example.jpacalendarpractice02.aop.LogAdvice [http-nio-8080-exec-4] ===========================[[END]]===========================
2023-01-09 21:07:07,943 DEBUG org.hibernate.engine.jdbc.spi.SqlStatementLogger [http-nio-8080-exec-4] 
    select
        schedule0_.id as id1_0_,
        schedule0_.date as date2_0_,
        schedule0_.title as title3_0_,
        schedule0_.email as email4_0_ 
    from
        schedule schedule0_ 
    where
        schedule0_.email=?
2023-01-09 21:07:07,943 TRACE org.hibernate.type.descriptor.sql.BasicBinder [http-nio-8080-exec-4] binding parameter [1] as [VARCHAR] - [1]
2023-01-09 21:07:16,409 INFO com.example.jpacalendarpractice02.aop.LogAdvice [http-nio-8080-exec-2] ===========================[[START]]===========================
2023-01-09 21:07:16,410 INFO com.example.jpacalendarpractice02.aop.LogAdvice [http-nio-8080-exec-2] com.example.jpacalendarpractice02.controller.ScheduleController.insertSchedule() CALLED
2023-01-09 21:07:16,410 INFO com.example.jpacalendarpractice02.aop.LogAdvice [http-nio-8080-exec-2] PARAMETERS : [ScheduleRequest(email=null, id=null, title=한글나오냐고, date=2023-01-27), org.apache.catalina.session.StandardSessionFacade@2a6d99d0]
2023-01-09 21:07:16,410 INFO com.example.jpacalendarpractice02.aop.LogAdvice [http-nio-8080-exec-2] ===========================[[END]]===========================
2023-01-09 21:07:16,410 INFO com.example.jpacalendarpractice02.aop.LogAdvice [http-nio-8080-exec-2] ===========================[[START]]===========================
2023-01-09 21:07:16,410 INFO com.example.jpacalendarpractice02.aop.LogAdvice [http-nio-8080-exec-2] com.example.jpacalendarpractice02.service.impl.ScheduleServiceImpl.insertSchedule() CALLED
2023-01-09 21:07:16,410 INFO com.example.jpacalendarpractice02.aop.LogAdvice [http-nio-8080-exec-2] PARAMETERS : [ScheduleRequest(email=1, id=null, title=한글나오냐고, date=2023-01-27)]
2023-01-09 21:07:16,410 INFO com.example.jpacalendarpractice02.aop.LogAdvice [http-nio-8080-exec-2] ===========================[[END]]===========================
2023-01-09 21:07:16,410 INFO com.example.jpacalendarpractice02.aop.LogAdvice [http-nio-8080-exec-2] ===========================[[START]]===========================
2023-01-09 21:07:16,410 INFO com.example.jpacalendarpractice02.aop.LogAdvice [http-nio-8080-exec-2] org.springframework.data.repository.CrudRepository.save() CALLED
2023-01-09 21:07:16,410 INFO com.example.jpacalendarpractice02.aop.LogAdvice [http-nio-8080-exec-2] PARAMETERS : [com.example.jpacalendarpractice02.entity.Schedule@19680b04]
2023-01-09 21:07:16,410 INFO com.example.jpacalendarpractice02.aop.LogAdvice [http-nio-8080-exec-2] ===========================[[END]]===========================
2023-01-09 21:07:16,413 DEBUG org.hibernate.engine.jdbc.spi.SqlStatementLogger [http-nio-8080-exec-2] 
    select
        user_.email,
        user_.password as password2_1_ 
    from
        schedule_user user_ 
    where
        user_.email=?
2023-01-09 21:07:16,414 TRACE org.hibernate.type.descriptor.sql.BasicBinder [http-nio-8080-exec-2] binding parameter [1] as [VARCHAR] - [1]
2023-01-09 21:07:16,414 DEBUG org.hibernate.engine.jdbc.spi.SqlStatementLogger [http-nio-8080-exec-2] 
    insert 
    into
        schedule
        (date, title, email) 
    values
        (?, ?, ?)
2023-01-09 21:07:16,414 TRACE org.hibernate.type.descriptor.sql.BasicBinder [http-nio-8080-exec-2] binding parameter [1] as [VARCHAR] - [2023-01-27]
2023-01-09 21:07:16,414 TRACE org.hibernate.type.descriptor.sql.BasicBinder [http-nio-8080-exec-2] binding parameter [2] as [VARCHAR] - [한글나오냐고]
2023-01-09 21:07:16,414 TRACE org.hibernate.type.descriptor.sql.BasicBinder [http-nio-8080-exec-2] binding parameter [3] as [VARCHAR] - [1]
2023-01-09 21:07:16,421 INFO com.example.jpacalendarpractice02.aop.LogAdvice [http-nio-8080-exec-3] ===========================[[START]]===========================
2023-01-09 21:07:16,421 INFO com.example.jpacalendarpractice02.aop.LogAdvice [http-nio-8080-exec-3] com.example.jpacalendarpractice02.controller.ScheduleController.scheduleList() CALLED
2023-01-09 21:07:16,422 INFO com.example.jpacalendarpractice02.aop.LogAdvice [http-nio-8080-exec-3] PARAMETERS : [org.apache.catalina.session.StandardSessionFacade@2a6d99d0]
2023-01-09 21:07:16,422 INFO com.example.jpacalendarpractice02.aop.LogAdvice [http-nio-8080-exec-3] ===========================[[END]]===========================
2023-01-09 21:07:16,422 INFO com.example.jpacalendarpractice02.aop.LogAdvice [http-nio-8080-exec-3] ===========================[[START]]===========================
2023-01-09 21:07:16,422 INFO com.example.jpacalendarpractice02.aop.LogAdvice [http-nio-8080-exec-3] com.example.jpacalendarpractice02.service.impl.ScheduleServiceImpl.scheduleList() CALLED
2023-01-09 21:07:16,422 INFO com.example.jpacalendarpractice02.aop.LogAdvice [http-nio-8080-exec-3] PARAMETERS : [1]
2023-01-09 21:07:16,422 INFO com.example.jpacalendarpractice02.aop.LogAdvice [http-nio-8080-exec-3] ===========================[[END]]===========================
2023-01-09 21:07:16,422 INFO com.example.jpacalendarpractice02.aop.LogAdvice [http-nio-8080-exec-3] ===========================[[START]]===========================
2023-01-09 21:07:16,422 INFO com.example.jpacalendarpractice02.aop.LogAdvice [http-nio-8080-exec-3] com.example.jpacalendarpractice02.repository.ScheduleRepository.findByUser() CALLED
2023-01-09 21:07:16,422 INFO com.example.jpacalendarpractice02.aop.LogAdvice [http-nio-8080-exec-3] PARAMETERS : [com.example.jpacalendarpractice02.entity.User@11e73b4f]
2023-01-09 21:07:16,422 INFO com.example.jpacalendarpractice02.aop.LogAdvice [http-nio-8080-exec-3] ===========================[[END]]===========================
2023-01-09 21:07:16,422 DEBUG org.hibernate.engine.jdbc.spi.SqlStatementLogger [http-nio-8080-exec-3] 
    select
        schedule0_.id as id1_0_,
        schedule0_.date as date2_0_,
        schedule0_.title as title3_0_,
        schedule0_.email as email4_0_ 
    from
        schedule schedule0_ 
    where
        schedule0_.email=?
2023-01-09 21:07:16,423 TRACE org.hibernate.type.descriptor.sql.BasicBinder [http-nio-8080-exec-3] binding parameter [1] as [VARCHAR] - [1]
